<?xml version="1.0" encoding="UTF-8"?>
<!-- Generated by org.testng.reporters.JUnitReportReporter -->
<testsuite hostname="RomanEmpire" failures="0" tests="1" name="execution" time="2.968" errors="0" timestamp="2024-07-11T16:29:01 IST" skipped="0">
  <testcase classname="execution" name="runtest" time="2.968"/>
</testsuite> <!-- execution -->
