<?xml version="1.0" encoding="UTF-8"?>
<!-- Generated by org.testng.reporters.JUnitReportReporter -->
<testsuite hostname="RomanEmpire" failures="0" tests="1" name="com.staragile.testng.testNGtest1" time="1.417" errors="0" timestamp="2024-05-17T20:37:19 IST" skipped="0">
  <testcase classname="com.staragile.testng.testNGtest1" name="test1" time="1.417"/>
</testsuite> <!-- com.staragile.testng.testNGtest1 -->
