<?xml version="1.0" encoding="UTF-8"?>
<!-- Generated by org.testng.reporters.JUnitReportReporter -->
<testsuite hostname="RomanEmpire" failures="0" tests="1" name="practicewebsite.hideShow" time="3.081" errors="0" timestamp="2024-05-19T10:52:57 IST" skipped="0">
  <testcase classname="practicewebsite.hideShow" name="hideShowtest" time="3.081"/>
</testsuite> <!-- practicewebsite.hideShow -->
