<?xml version="1.0" encoding="UTF-8"?>
<!-- Generated by org.testng.reporters.JUnitReportReporter -->
<testsuite hostname="RomanEmpire" failures="0" tests="1" name="com.staragile.testng.logintest" time="52.140" errors="0" timestamp="2024-05-23T13:32:17 IST" skipped="0">
  <testcase classname="com.staragile.testng.logintest" name="login" time="52.140"/>
</testsuite> <!-- com.staragile.testng.logintest -->
