<?xml version="1.0" encoding="UTF-8"?>
<!-- Generated by org.testng.reporters.JUnitReportReporter -->
<testsuite hostname="RomanEmpire" failures="0" tests="2" name="com.staragile.testng.testNGskip" time="0.007" errors="0" timestamp="2024-05-15T20:50:34 IST" skipped="1">
  <testcase classname="com.staragile.testng.testNGskip" name="testcase2" time="0.007"/>
  <testcase classname="com.staragile.testng.testNGskip" name="testcase3">
    <skipped/>
  </testcase> <!-- testcase3 -->
</testsuite> <!-- com.staragile.testng.testNGskip -->
