<?xml version="1.0" encoding="UTF-8"?>
<!-- Generated by org.testng.reporters.JUnitReportReporter -->
<testsuite hostname="RomanEmpire" failures="0" tests="1" name="practicewebsite.iframes" time="7.207" errors="0" timestamp="2024-05-19T10:52:57 IST" skipped="0">
  <testcase classname="practicewebsite.iframes" name="iframestest" time="7.207"/>
</testsuite> <!-- practicewebsite.iframes -->
