<?xml version="1.0" encoding="UTF-8"?>
<!-- Generated by org.testng.reporters.JUnitReportReporter -->
<testsuite hostname="RomanEmpire" failures="0" tests="3" name="com.staragile.testng.testNGdependency" time="0.009" errors="0" timestamp="2024-05-15T21:13:11 IST" skipped="0">
  <testcase classname="com.staragile.testng.testNGdependency" name="testcase1" time="0.007"/>
  <testcase classname="com.staragile.testng.testNGdependency" name="testcase2" time="0.001"/>
  <testcase classname="com.staragile.testng.testNGdependency" name="testcase3" time="0.001"/>
</testsuite> <!-- com.staragile.testng.testNGdependency -->
