<?xml version="1.0" encoding="UTF-8"?>
<!-- Generated by org.testng.reporters.JUnitReportReporter -->
<testsuite hostname="RomanEmpire" failures="0" tests="1" name="com.pages.test" time="10.012" errors="0" timestamp="2024-07-16T19:32:02 IST" skipped="0">
  <testcase classname="com.pages.test" name="k" time="10.012"/>
</testsuite> <!-- com.pages.test -->
