<?xml version="1.0" encoding="UTF-8"?>
<!-- Generated by org.testng.reporters.JUnitReportReporter -->
<testsuite hostname="RomanEmpire" failures="0" tests="3" name="com.staragile.testng.testNGparallel" time="8.433" errors="0" timestamp="2024-05-17T20:37:19 IST" skipped="0">
  <testcase classname="com.staragile.testng.testNGparallel" name="test3" time="2.805"/>
  <testcase classname="com.staragile.testng.testNGparallel" name="test1" time="2.860"/>
  <testcase classname="com.staragile.testng.testNGparallel" name="test2" time="2.768"/>
</testsuite> <!-- com.staragile.testng.testNGparallel -->
