<?xml version="1.0" encoding="UTF-8"?>
<!-- Generated by org.testng.reporters.JUnitReportReporter -->
<testsuite hostname="RomanEmpire" failures="0" tests="1" name="Assignment.Q4" time="22.520" errors="0" timestamp="2024-05-30T12:11:33 IST" skipped="0">
  <testcase classname="Assignment.Q4" name="regist" time="22.520"/>
</testsuite> <!-- Assignment.Q4 -->
