<?xml version="1.0" encoding="UTF-8"?>
<!-- Generated by org.testng.reporters.JUnitReportReporter -->
<testsuite hostname="RomanEmpire" failures="0" tests="1" name="com.staragile.testng.readExcel" time="3.863" errors="0" timestamp="2024-05-21T20:55:43 IST" skipped="0">
  <testcase classname="com.staragile.testng.readExcel" name="fblogin" time="3.863"/>
</testsuite> <!-- com.staragile.testng.readExcel -->
