<?xml version="1.0" encoding="UTF-8"?>
<!-- Generated by org.testng.reporters.JUnitReportReporter -->
<testsuite hostname="RomanEmpire" failures="0" tests="1" name="Scernario1.sceen" time="8.468" errors="0" timestamp="2024-07-12T10:11:54 IST" skipped="0">
  <testcase classname="Scernario1.sceen" name="test" time="8.468"/>
</testsuite> <!-- Scernario1.sceen -->
