<?xml version="1.0" encoding="UTF-8"?>
<!-- Generated by org.testng.reporters.JUnitReportReporter -->
<testsuite hostname="RomanEmpire" failures="0" tests="1" name="report.ExtentReport" time="0.473" errors="0" timestamp="2024-07-15T20:14:08 IST" skipped="0">
  <testcase classname="report.ExtentReport" name="testReport" time="0.473"/>
</testsuite> <!-- report.ExtentReport -->
