<?xml version="1.0" encoding="UTF-8"?>
<!-- Generated by org.testng.reporters.JUnitReportReporter -->
<testsuite hostname="RomanEmpire" failures="0" tests="1" name="scenario2.Admin" time="10.043" errors="0" timestamp="2024-07-17T12:56:45 IST" skipped="0">
  <testcase classname="scenario2.Admin" name="Counting" time="10.043"/>
</testsuite> <!-- scenario2.Admin -->
