<?xml version="1.0" encoding="UTF-8"?>
<!-- Generated by org.testng.reporters.JUnitReportReporter -->
<testsuite hostname="RomanEmpire" failures="0" tests="1" name="com.staragile.testng.testNGparameters" time="4.326" errors="0" timestamp="2024-05-18T19:52:39 IST" skipped="0">
  <testcase classname="com.staragile.testng.testNGparameters" name="invokechrome" time="4.326"/>
</testsuite> <!-- com.staragile.testng.testNGparameters -->
