<?xml version="1.0" encoding="UTF-8"?>
<!-- Generated by org.testng.reporters.JUnitReportReporter -->
<testsuite hostname="RomanEmpire" failures="0" tests="1" name="com.pages.lister" time="6.012" errors="0" timestamp="2024-07-16T00:35:09 IST" skipped="0">
  <testcase classname="com.pages.lister" name="test" time="6.012"/>
</testsuite> <!-- com.pages.lister -->
