<?xml version="1.0" encoding="UTF-8"?>
<!-- Generated by org.testng.reporters.JUnitReportReporter -->
<testsuite hostname="RomanEmpire" failures="0" tests="4" name="com.staragile.testng.TestNGpriority" time="0.015" errors="0" timestamp="2024-05-15T20:35:55 IST" skipped="0">
  <testcase classname="com.staragile.testng.TestNGpriority" name="testcase1" time="0.009"/>
  <testcase classname="com.staragile.testng.TestNGpriority" name="testcase4" time="0.001"/>
  <testcase classname="com.staragile.testng.TestNGpriority" name="testcase3" time="0.004"/>
  <testcase classname="com.staragile.testng.TestNGpriority" name="testcase2" time="0.001"/>
</testsuite> <!-- com.staragile.testng.TestNGpriority -->
