<?xml version="1.0" encoding="UTF-8"?>
<!-- Generated by org.testng.reporters.JUnitReportReporter -->
<testsuite hostname="RomanEmpire" failures="0" tests="1" name="Testdata.DataDrivenTesting" time="0.390" errors="0" timestamp="2024-07-11T22:19:47 IST" skipped="0">
  <testcase classname="Testdata.DataDrivenTesting" name="Exceldata" time="0.390"/>
</testsuite> <!-- Testdata.DataDrivenTesting -->
